\o Program:		@(#)$CDS: libManager version 6.1.7 - CAT35 05/25/2016 17:24 (sjflg005) $
\o Sub version:		sub-version  IC6.1.7 - CAT35.15s020 
\o Arguments:		-mpssession virtuoso10707 -mpshost eceb-2022-23.ews.illinois.edu 
\o Working Directory:	eceb-2022-23.ews.illinois.edu:/home/jlee167/AM2901_VLSI
\o 64-bit offsets
\o Qt version: 		4.8.5
\o Log file is "/home/jlee167/AM2901_VLSI/libManager.log".
\o Opening libManager window.
\a nrSetCurrentWindow(cdsLibManager)
\a nrResizeWindow(cdsLibManager list(559 168 600 421))
\o changeWorkingDir("/home/jlee167/AM2901_VLSI") unnecessary.
\o ddSetForcedLib("") unnecessary.
\o MPS service: map window
\o Library Manager customization server connected.
\a nrSetCurrentWindow(cdsLibManager)
\a nrSetCurrentWindow(cdsLibManager)
\a nrSetCurrentWindow(cdsLibManager)
\a cdsLibManager->libListBox->value = "ece425mp3"
\a cdsLibManager->libListBox->value = "ece425mp2"
\a lmgrLogShowPopup("mainListPopup0" 46 93 2 "ece425mp2")
\a cdsLibManager->libLineEdit->value = "ece425mp2"
\a cdsLibManager->libListBox->value = "mp_personal"
\a lmgrLogShowPopup("mainListPopup0" 17 123 2 "mp_personal")
\a cdsLibManager->libLineEdit->value = "mp_personal"
\a cdsLibManager->editDeleteButton->value = t
\a deleteForm->deleteBothRadioButton->value = t
\a deleteForm->deleteFilterEdit->value = "*"
\a deleteForm->notDeleteFilterEdit->value = "*"
\a nrSetWindowVisibility(deleteForm "show")
\a nrSetCurrentWindow(deleteForm)
\a nrResizeWindow(deleteForm list(546 166 627 425))
\a deleteForm->OK->value = t
\o QUESTION (CLM-199): The following 1 items are marked for deletion.  Are you sure?
\a nrSetWindowVisibility(mcMBXDLG "show")
\a nrSetCurrentWindow(mcMBXDLG)
\a nrResizeWindow(mcMBXDLG list(655 225 408 330))
\a mcMBXDLG->pushButton2->value = t
\a nrSetCurrentWindow(deleteForm)
\a deleteForm->Cancel->value = t
\a nrSetCurrentWindow(cdsLibManager)
\a _lmgrCloseIconify("cdsLibManager" 1)
\a nrSetCurrentWindow(cdsLibManager)
\a cdsLibManager->libListBox->value = "ece425mp1"
\a lmgrLogShowPopup("mainListPopup0" 42 75 2 "ece425mp1")
\a cdsLibManager->libLineEdit->value = "ece425mp1"
\a cdsLibManager->libListBox->value = nil
\a cdsLibManager->libListBox->value = "cdsDefTechLib"
\a cdsLibManager->libListBox->value = "ece425mp1"
\a cdsLibManager->libLineEdit->value = "ece425mp1"
\a cdsLibManager->editLibraryPathButton->value = t
\o Starting the cdsLibEditor...
\o MPS request: update library list
\a nrSetCurrentWindow(cdsLibManager)
\a cdsLibManager->libListBox->value = nil
\a cdsLibManager->libListBox->value = "ece425mp1"
\a cdsLibManager->libListBox->value = "cdsDefTechLib"
\a cdsLibManager->libLineEdit->value = "cdsDefTechLib"
\a cdsLibManager->libListBox->value = "ece425mp2"
\a _lmgrCloseIconify("cdsLibManager" 1)
\a cdsLibManager->libLineEdit->value = "ece425mp2"
\a cdsLibManager->libListBox->value = nil
\a cdsLibManager->libLineEdit->value = ""
\a cdsLibManager->libListBox->value = "ece425mp2"
\a cdsLibManager->libLineEdit->value = "ece425mp2"
\a cdsLibManager->libListBox->value = nil
\a cdsLibManager->libLineEdit->value = ""
\a cdsLibManager->libListBox->value = "ece425mp2"
\a cdsLibManager->libLineEdit->value = "ece425mp2"
\o MPS service: shutdown
\o libManager is exiting.
\a nrSetWindowVisibility(cdsLibManager "hide")
\a exit(0)
