N /541
? Net does not cross-match. It has 1 connections.
N /542
? Net does not cross-match. It has 1 connections.
N /539
? Net does not cross-match. It has 1 connections.
N /540
? Net does not cross-match. It has 1 connections.
N /550
? Net does not cross-match. It has 3 connections.
N /549
? Net does not cross-match. It has 3 connections.
N /547
? Net does not cross-match. It has 3 connections.
N /548
? Net does not cross-match. It has 3 connections.
N /77
? Net does not cross-match. It has 1988 connections.
N /ALU_Function<0>
? Net does not cross-match. It has 25 connections.
N /p<0>
? Net does not cross-match. It has 15 connections.
N /78
? Net does not cross-match. It has 1736 connections.
N /p<2>
? Net does not cross-match. It has 15 connections.
N /p<1>
? Net does not cross-match. It has 15 connections.
N /575
? Net does not cross-match. It has 6 connections.
N /748
? Net does not cross-match. It has 2 connections.
N /746
? Net does not cross-match. It has 2 connections.
N /p<3>
? Net does not cross-match. It has 15 connections.
N /577
? Net does not cross-match. It has 6 connections.
N /581
? Net does not cross-match. It has 6 connections.
N /579
? Net does not cross-match. It has 6 connections.
N /939
? Net does not cross-match. It has 3 connections.
N /672
? Net does not cross-match. It has 13 connections.
N /877
? Net does not cross-match. It has 1 connections.
N /671
? Net does not cross-match. It has 13 connections.
N /937
? Net does not cross-match. It has 3 connections.
N /559
? Net does not cross-match. It has 5 connections.
N /869
? Net does not cross-match. It has 1 connections.
N /q0_out
? Net does not cross-match. It has 12 connections.
N /935
? Net does not cross-match. It has 3 connections.
N /689
? Net does not cross-match. It has 1 connections.
N /79
? Net does not cross-match. It has 5 connections.
N /917
? Net does not cross-match. It has 3 connections.
N /f<0>
? Net does not cross-match. It has 15 connections.
N /603
? Net does not cross-match. It has 5 connections.
N /925
? Net does not cross-match. It has 1 connections.
N /f<3>
? Net does not cross-match. It has 14 connections.
N /923
? Net does not cross-match. It has 3 connections.
N /879
? Net does not cross-match. It has 1 connections.
N /921
? Net does not cross-match. It has 3 connections.
N /f<2>
? Net does not cross-match. It has 17 connections.
N /561
? Net does not cross-match. It has 5 connections.
N /871
? Net does not cross-match. It has 1 connections.
N /919
? Net does not cross-match. It has 3 connections.
N /f<1>
? Net does not cross-match. It has 17 connections.
N /707
? Net does not cross-match. It has 1 connections.
N /ALU_Dest<3>
? Net does not cross-match. It has 22 connections.
N /891
? Net does not cross-match. It has 4 connections.
N /691
? Net does not cross-match. It has 1 connections.
N /81
? Net does not cross-match. It has 5 connections.
N /889
? Net does not cross-match. It has 4 connections.
N /943
? Net does not cross-match. It has 1 connections.
N /ALU_Dest<0>
? Net does not cross-match. It has 22 connections.
N /887
? Net does not cross-match. It has 4 connections.
N /605
? Net does not cross-match. It has 5 connections.
N /927
? Net does not cross-match. It has 1 connections.
N /885
? Net does not cross-match. It has 4 connections.
N /883
? Net does not cross-match. It has 1 connections.
N /865
? Net does not cross-match. It has 3 connections.
N /565
? Net does not cross-match. It has 5 connections.
N /875
? Net does not cross-match. It has 1 connections.
N /863
? Net does not cross-match. It has 3 connections.
N /711
? Net does not cross-match. It has 1 connections.
N /861
? Net does not cross-match. It has 3 connections.
N /85
? Net does not cross-match. It has 5 connections.
N /695
? Net does not cross-match. It has 1 connections.
N /867
? Net does not cross-match. It has 3 connections.
N /947
? Net does not cross-match. It has 1 connections.
N /703
? Net does not cross-match. It has 3 connections.
N /931
? Net does not cross-match. It has 1 connections.
N /609
? Net does not cross-match. It has 5 connections.
N /701
? Net does not cross-match. It has 3 connections.
N /881
? Net does not cross-match. It has 1 connections.
N /699
? Net does not cross-match. It has 3 connections.
N /873
? Net does not cross-match. It has 1 connections.
N /563
? Net does not cross-match. It has 5 connections.
N /681
? Net does not cross-match. It has 3 connections.
N /709
? Net does not cross-match. It has 1 connections.
N /687
? Net does not cross-match. It has 3 connections.
N /693
? Net does not cross-match. It has 1 connections.
N /83
? Net does not cross-match. It has 5 connections.
N /683
? Net does not cross-match. It has 3 connections.
N /929
? Net does not cross-match. It has 1 connections.
N /607
? Net does not cross-match. It has 5 connections.
N /685
? Net does not cross-match. It has 3 connections.
N /945
? Net does not cross-match. It has 1 connections.
