\o Program:		@(#)$CDS: libManager version 6.1.6 - CAT33 08/27/2013 22:19 (sjfnl841) $
\o Sub version:		sub-version  s004 
\o Arguments:		-unmapped -mpssession virtuoso26745 -mpshost linux-a1.ews.illinois.edu 
\o Working Directory:	linux-a1.ews.illinois.edu:/home/htian3/ece425Dec2013/cdb/newLibrary/cell_design
\o Qt version: 		4.7.2
\o changeWorkingDir("/home/htian3/ece425Dec2013/cdb/newLibrary/cell_design") unnecessary.
\o ddSetForcedLib("") unnecessary.
\o Log file is "/home/htian3/ece425Dec2013/cdb/newLibrary/cell_design/libManager.log".
\o Opening libManager window.
\a nrSetWindowVisibility(cdsLibManager "show")
\o MPS service: map window
\a nrSetCurrentWindow(cdsLibManager)
\o Library Manager customization server connected.
\a nrResizeWindow(cdsLibManager list(0 25 1270 656))
\a cdsLibManager->libListBox->value = "master"
\a cdsLibManager->libLineEdit->value = "master"
\a cdsLibManager->cellListBox->value = "inv"
\a cdsLibManager->viewListBox->value = "layout"
\a cdsLibManager->viewLineEdit->value = "layout"
\a cdsLibManager->cellLineEdit->value = "inv"
\a cdsLibManager->viewListBox->value = nil
\a cdsLibManager->viewListBox->value = "layout"
\o MPS request: edit design
\a nrListItemAction(cdsLibManager->gdmXTView 0 0)
\a cdsLibManager->libListBox->value = nil
\a cdsLibManager->cellListBox->value = nil
\a cdsLibManager->viewLineEdit->value = ""
\a cdsLibManager->viewListBox->value = nil
\a cdsLibManager->cellLineEdit->value = ""
\a cdsLibManager->libLineEdit->value = ""
\a cdsLibManager->libListBox->value = "master"
\a cdsLibManager->libLineEdit->value = "master"
\a cdsLibManager->cellListBox->value = "inv"
\a cdsLibManager->cellLineEdit->value = "inv"
\a cdsLibManager->viewListBox->value = "layout"
\a cdsLibManager->viewLineEdit->value = "layout"
\a cdsLibManager->viewLineEdit->value = ""
\a cdsLibManager->viewListBox->value = nil
\a cdsLibManager->viewListBox->value = "layout"
\a cdsLibManager->viewLineEdit->value = "layout"
\a nrSetCurrentWindow(cdsLibManager)
\o MPS service: shutdown
\o libManager is exiting.
\a nrSetWindowVisibility(cdsLibManager "hide")
\a exit(0)
